Arguments: 
  /home/victor/.nvm/versions/node/v11.14.0/bin/node /usr/share/yarn/bin/yarn.js add vue vue-resorce

PATH: 
  /home/victor/.nvm/versions/node/v11.14.0/bin:/home/victor/.sdkman/candidates/maven/current/bin:/home/victor/.sdkman/candidates/java/current/bin:/home/victor/IdeaProjects/neatvue/node_modules/.bin:/usr/local/sbin:/usr/local/bin:/usr/sbin:/usr/bin:/sbin:/bin:/usr/games:/usr/local/games

Yarn version: 
  1.15.2

Node version: 
  11.14.0

Platform: 
  linux x64

Trace: 
  Error: https://registry.yarnpkg.com/vue-resorce: Not found
      at Request.params.callback [as _callback] (/usr/share/yarn/lib/cli.js:66058:18)
      at Request.self.callback (/usr/share/yarn/lib/cli.js:129541:22)
      at Request.emit (events.js:193:13)
      at Request.<anonymous> (/usr/share/yarn/lib/cli.js:130513:10)
      at Request.emit (events.js:193:13)
      at IncomingMessage.<anonymous> (/usr/share/yarn/lib/cli.js:130435:12)
      at Object.onceWrapper (events.js:281:20)
      at IncomingMessage.emit (events.js:198:15)
      at endReadableNT (_stream_readable.js:1139:12)
      at processTicksAndRejections (internal/process/task_queues.js:81:17)

npm manifest: 
  {
    "name": "neatvue",
    "version": "1.0.0",
    "main": "index.js",
    "license": "MIT"
  }

yarn manifest: 
  No manifest

Lockfile: 
  No lockfile
